Arguments: 
  /snap/node/5880/bin/node /usr/local/bin/yarn global dir --json

PATH: 
  /home/lokki/.cache/activestate/bin:/home/lokki/.local/ActiveState/StateTool/release:/home/lokki/.local/bin:/usr/local/sbin:/usr/local/bin:/usr/sbin:/usr/bin:/sbin:/bin:/usr/games:/usr/local/games:/snap/bin:/snap/bin

Yarn version: 
  1.22.17

Node version: 
  16.14.0

Platform: 
  linux x64

Trace: 
  Error: EACCES: permission denied, write
      at writeSync (node:fs:884:3)
      at SyncWriteStream._write (node:internal/fs/sync_write_stream:25:3)
      at writeOrBuffer (node:internal/streams/writable:389:12)
      at _write (node:internal/streams/writable:330:10)
      at SyncWriteStream.Writable.write (node:internal/streams/writable:334:10)
      at JSONReporter._dump (/usr/local/lib/node_modules/yarn/lib/cli.js:49950:12)
      at JSONReporter.log (/usr/local/lib/node_modules/yarn/lib/cli.js:49978:10)
      at dir (/usr/local/lib/node_modules/yarn/lib/cli.js:36299:14)
      at Object.<anonymous> (/usr/local/lib/node_modules/yarn/lib/cli.js:25983:25)
      at Generator.next (<anonymous>)

npm manifest: 
  No manifest

yarn manifest: 
  No manifest

Lockfile: 
  No lockfile
